<?xml version="1.0" encoding="UTF-8"?>
<!-- Generated by org.testng.reporters.JUnitReportReporter -->
<testsuite skipped="0" hostname="UMESH-PC" name="com.ddf.testcases.TC_001_ValidateLoginFunctionality" tests="4" failures="0" timestamp="2020-06-01T16:54:15 IST" time="133.653" errors="0">
  <testcase name="validateLogin" time="25.621" classname="com.ddf.testcases.TC_001_ValidateLoginFunctionality"/>
  <system-out/>
  <testcase name="validateLogin" time="8.159" classname="com.ddf.testcases.TC_001_ValidateLoginFunctionality"/>
  <system-out/>
  <testcase name="validateLogin" time="78.341" classname="com.ddf.testcases.TC_001_ValidateLoginFunctionality"/>
  <system-out/>
  <testcase name="validateLogin" time="21.532" classname="com.ddf.testcases.TC_001_ValidateLoginFunctionality"/>
  <system-out/>
</testsuite> <!-- com.ddf.testcases.TC_001_ValidateLoginFunctionality -->
