<?xml version="1.0" encoding="UTF-8"?>
<!-- Generated by org.testng.reporters.JUnitReportReporter -->
<testsuite skipped="0" hostname="UMESH-PC" name="com.ddf.testcases.TC_002_ValidateLoginFunctionality" tests="4" failures="0" timestamp="2020-06-01T17:12:51 IST" time="47.092" errors="0">
  <testcase name="verifyLogin" time="10.287" classname="com.ddf.testcases.TC_002_ValidateLoginFunctionality"/>
  <system-out/>
  <testcase name="verifyLogin" time="13.306" classname="com.ddf.testcases.TC_002_ValidateLoginFunctionality"/>
  <system-out/>
  <testcase name="verifyLogin" time="10.899" classname="com.ddf.testcases.TC_002_ValidateLoginFunctionality"/>
  <system-out/>
  <testcase name="verifyLogin" time="12.600" classname="com.ddf.testcases.TC_002_ValidateLoginFunctionality"/>
  <system-out/>
</testsuite> <!-- com.ddf.testcases.TC_002_ValidateLoginFunctionality -->
